[2023-08-10 17:41:48:459][background-preinit] INFO  o.h.validator.internal.util.Version - HV000001: Hibernate Validator 8.0.0.Final
[2023-08-10 17:41:48:483][main] INFO  c.example.demo.Project10Application - Starting Project10Application using Java 17.0.7 with PID 38708 (D:\0.tool\spring-workspace\project09\bin\main started by imjiyeon in D:\0.tool\spring-workspace\project09)
[2023-08-10 17:41:48:484][main] INFO  c.example.demo.Project10Application - No active profile set, falling back to 1 default profile: "default"
[2023-08-10 17:41:49:849][main] INFO  o.s.d.r.c.RepositoryConfigurationDelegate - Bootstrapping Spring Data JPA repositories in DEFAULT mode.
[2023-08-10 17:41:49:881][main] INFO  o.s.d.r.c.RepositoryConfigurationDelegate - Finished Spring Data repository scanning in 28 ms. Found 1 JPA repository interfaces.
[2023-08-10 17:41:49:1149][main] INFO  o.s.b.w.e.tomcat.TomcatWebServer - Tomcat initialized with port(s): 8080 (http)
[2023-08-10 17:41:49:1154][main] INFO  o.a.coyote.http11.Http11NioProtocol - Initializing ProtocolHandler ["http-nio-8080"]
[2023-08-10 17:41:49:1154][main] INFO  o.a.catalina.core.StandardService - Starting service [Tomcat]
[2023-08-10 17:41:49:1154][main] INFO  o.a.catalina.core.StandardEngine - Starting Servlet engine: [Apache Tomcat/10.1.5]
[2023-08-10 17:41:49:1210][main] INFO  o.a.c.c.C.[Tomcat].[localhost].[/] - Initializing Spring embedded WebApplicationContext
[2023-08-10 17:41:49:1210][main] INFO  o.s.b.w.s.c.ServletWebServerApplicationContext - Root WebApplicationContext: initialization completed in 705 ms
[2023-08-10 17:41:49:1285][main] INFO  o.h.jpa.internal.util.LogHelper - HHH000204: Processing PersistenceUnitInfo [name: default]
[2023-08-10 17:41:49:1317][main] INFO  org.hibernate.Version - HHH000412: Hibernate ORM core version 6.1.7.Final
[2023-08-10 17:41:49:1455][main] INFO  com.zaxxer.hikari.HikariDataSource - HikariPool-1 - Starting...
[2023-08-10 17:41:49:1504][main] INFO  com.zaxxer.hikari.pool.HikariPool - HikariPool-1 - Added connection org.mariadb.jdbc.Connection@a1e912f
[2023-08-10 17:41:49:1506][main] INFO  com.zaxxer.hikari.HikariDataSource - HikariPool-1 - Start completed.
[2023-08-10 17:41:49:1531][main] INFO  SQL dialect - HHH000400: Using dialect: org.hibernate.dialect.MariaDBDialect
[2023-08-10 17:41:50:2027][main] INFO  o.h.e.t.j.p.i.JtaPlatformInitiator - HHH000490: Using JtaPlatform implementation: [org.hibernate.engine.transaction.jta.platform.internal.NoJtaPlatform]
[2023-08-10 17:41:50:2035][main] INFO  o.s.o.j.LocalContainerEntityManagerFactoryBean - Initialized JPA EntityManagerFactory for persistence unit 'default'
[2023-08-10 17:41:51:2651][main] INFO  o.a.coyote.http11.Http11NioProtocol - Starting ProtocolHandler ["http-nio-8080"]
[2023-08-10 17:41:51:2666][main] INFO  o.s.b.w.e.tomcat.TomcatWebServer - Tomcat started on port(s): 8080 (http) with context path ''
[2023-08-10 17:41:51:2671][main] INFO  c.example.demo.Project10Application - Started Project10Application in 2.537 seconds (process running for 3.103)
[2023-08-10 17:42:03:15239][http-nio-8080-exec-1] INFO  o.a.c.c.C.[Tomcat].[localhost].[/] - Initializing Spring DispatcherServlet 'dispatcherServlet'
[2023-08-10 17:42:03:15239][http-nio-8080-exec-1] INFO  o.s.web.servlet.DispatcherServlet - Initializing Servlet 'dispatcherServlet'
[2023-08-10 17:42:03:15240][http-nio-8080-exec-1] INFO  o.s.web.servlet.DispatcherServlet - Completed initialization in 1 ms
[2023-08-10 17:42:08:19734][http-nio-8080-exec-1] INFO  o.s.api.AbstractOpenApiResource - Init duration for springdoc-openapi is: 208 ms
[2023-08-10 17:42:13:24932][http-nio-8080-exec-2] INFO  c.e.demo.controller.BoardController - 게시물 목록을 조회합니다.
[2023-08-10 17:42:35:47212][http-nio-8080-exec-3] INFO  c.e.demo.controller.BoardController - 게시물을 등록합니다.
[2023-08-10 17:42:42:53796][http-nio-8080-exec-4] INFO  c.e.demo.controller.BoardController - 게시물 목록을 조회합니다.
[2023-08-10 17:43:35:107249][RMI TCP Connection(11)-127.0.0.1] INFO  o.s.b.a.SpringApplicationAdminMXBeanRegistrar$SpringApplicationAdmin - Application shutdown requested.
[2023-08-10 17:43:35:107288][RMI TCP Connection(11)-127.0.0.1] INFO  o.a.coyote.http11.Http11NioProtocol - Pausing ProtocolHandler ["http-nio-8080"]
[2023-08-10 17:43:35:107289][RMI TCP Connection(11)-127.0.0.1] INFO  o.a.catalina.core.StandardService - Stopping service [Tomcat]
[2023-08-10 17:43:35:107293][RMI TCP Connection(11)-127.0.0.1] INFO  o.a.c.c.C.[Tomcat].[localhost].[/] - Destroying Spring FrameworkServlet 'dispatcherServlet'
[2023-08-10 17:43:35:107302][RMI TCP Connection(11)-127.0.0.1] INFO  o.a.coyote.http11.Http11NioProtocol - Stopping ProtocolHandler ["http-nio-8080"]
[2023-08-10 17:43:35:107305][RMI TCP Connection(11)-127.0.0.1] INFO  o.a.coyote.http11.Http11NioProtocol - Destroying ProtocolHandler ["http-nio-8080"]
[2023-08-10 17:43:35:107308][RMI TCP Connection(11)-127.0.0.1] INFO  o.s.o.j.LocalContainerEntityManagerFactoryBean - Closing JPA EntityManagerFactory for persistence unit 'default'
[2023-08-10 17:43:35:107310][RMI TCP Connection(11)-127.0.0.1] INFO  com.zaxxer.hikari.HikariDataSource - HikariPool-1 - Shutdown initiated...
[2023-08-10 17:43:35:107315][RMI TCP Connection(11)-127.0.0.1] INFO  com.zaxxer.hikari.HikariDataSource - HikariPool-1 - Shutdown completed.
[2023-08-10 17:43:46:566][background-preinit] INFO  o.h.validator.internal.util.Version - HV000001: Hibernate Validator 8.0.0.Final
[2023-08-10 17:43:46:576][main] INFO  c.example.demo.openapi.OpenAPITest - Starting OpenAPITest using Java 17.0.7 with PID 37308 (started by imjiyeon in D:\0.tool\spring-workspace\project09)
[2023-08-10 17:43:46:578][main] INFO  c.example.demo.openapi.OpenAPITest - No active profile set, falling back to 1 default profile: "default"
[2023-08-10 17:43:46:1161][main] INFO  o.s.d.r.c.RepositoryConfigurationDelegate - Bootstrapping Spring Data JPA repositories in DEFAULT mode.
[2023-08-10 17:43:46:1203][main] INFO  o.s.d.r.c.RepositoryConfigurationDelegate - Finished Spring Data repository scanning in 36 ms. Found 1 JPA repository interfaces.
[2023-08-10 17:43:47:1538][main] INFO  o.h.jpa.internal.util.LogHelper - HHH000204: Processing PersistenceUnitInfo [name: default]
[2023-08-10 17:43:47:1580][main] INFO  org.hibernate.Version - HHH000412: Hibernate ORM core version 6.1.7.Final
[2023-08-10 17:43:47:1870][main] INFO  com.zaxxer.hikari.HikariDataSource - HikariPool-1 - Starting...
[2023-08-10 17:43:47:1926][main] INFO  com.zaxxer.hikari.pool.HikariPool - HikariPool-1 - Added connection org.mariadb.jdbc.Connection@605c7a9e
[2023-08-10 17:43:47:1928][main] INFO  com.zaxxer.hikari.HikariDataSource - HikariPool-1 - Start completed.
[2023-08-10 17:43:47:1959][main] INFO  SQL dialect - HHH000400: Using dialect: org.hibernate.dialect.MariaDBDialect
[2023-08-10 17:43:48:2460][main] INFO  o.h.e.t.j.p.i.JtaPlatformInitiator - HHH000490: Using JtaPlatform implementation: [org.hibernate.engine.transaction.jta.platform.internal.NoJtaPlatform]
[2023-08-10 17:43:48:2467][main] INFO  o.s.o.j.LocalContainerEntityManagerFactoryBean - Initialized JPA EntityManagerFactory for persistence unit 'default'
[2023-08-10 17:43:49:3991][main] INFO  c.example.demo.openapi.OpenAPITest - Started OpenAPITest in 3.688 seconds (process running for 4.96)
[2023-08-10 17:43:49:4292][SpringApplicationShutdownHook] INFO  o.s.o.j.LocalContainerEntityManagerFactoryBean - Closing JPA EntityManagerFactory for persistence unit 'default'
[2023-08-10 17:43:49:4294][SpringApplicationShutdownHook] INFO  com.zaxxer.hikari.HikariDataSource - HikariPool-1 - Shutdown initiated...
[2023-08-10 17:43:49:4299][SpringApplicationShutdownHook] INFO  com.zaxxer.hikari.HikariDataSource - HikariPool-1 - Shutdown completed.
[2023-08-10 17:45:02:552][background-preinit] INFO  o.h.validator.internal.util.Version - HV000001: Hibernate Validator 8.0.0.Final
[2023-08-10 17:45:02:572][main] INFO  c.example.demo.openapi.OpenAPITest - Starting OpenAPITest using Java 17.0.7 with PID 29828 (started by imjiyeon in D:\0.tool\spring-workspace\project09)
[2023-08-10 17:45:02:572][main] INFO  c.example.demo.openapi.OpenAPITest - No active profile set, falling back to 1 default profile: "default"
[2023-08-10 17:45:02:1140][main] INFO  o.s.d.r.c.RepositoryConfigurationDelegate - Bootstrapping Spring Data JPA repositories in DEFAULT mode.
[2023-08-10 17:45:02:1189][main] INFO  o.s.d.r.c.RepositoryConfigurationDelegate - Finished Spring Data repository scanning in 41 ms. Found 1 JPA repository interfaces.
[2023-08-10 17:45:03:1541][main] INFO  o.h.jpa.internal.util.LogHelper - HHH000204: Processing PersistenceUnitInfo [name: default]
[2023-08-10 17:45:03:1589][main] INFO  org.hibernate.Version - HHH000412: Hibernate ORM core version 6.1.7.Final
[2023-08-10 17:45:03:1871][main] INFO  com.zaxxer.hikari.HikariDataSource - HikariPool-1 - Starting...
[2023-08-10 17:45:03:1927][main] INFO  com.zaxxer.hikari.pool.HikariPool - HikariPool-1 - Added connection org.mariadb.jdbc.Connection@203765b2
[2023-08-10 17:45:03:1929][main] INFO  com.zaxxer.hikari.HikariDataSource - HikariPool-1 - Start completed.
[2023-08-10 17:45:03:1956][main] INFO  SQL dialect - HHH000400: Using dialect: org.hibernate.dialect.MariaDBDialect
[2023-08-10 17:45:04:2464][main] INFO  o.h.e.t.j.p.i.JtaPlatformInitiator - HHH000490: Using JtaPlatform implementation: [org.hibernate.engine.transaction.jta.platform.internal.NoJtaPlatform]
[2023-08-10 17:45:04:2473][main] INFO  o.s.o.j.LocalContainerEntityManagerFactoryBean - Initialized JPA EntityManagerFactory for persistence unit 'default'
[2023-08-10 17:45:05:4042][main] INFO  c.example.demo.openapi.OpenAPITest - Started OpenAPITest in 3.731 seconds (process running for 4.456)
[2023-08-10 17:45:07:6239][SpringApplicationShutdownHook] INFO  o.s.o.j.LocalContainerEntityManagerFactoryBean - Closing JPA EntityManagerFactory for persistence unit 'default'
[2023-08-10 17:45:07:6240][SpringApplicationShutdownHook] INFO  com.zaxxer.hikari.HikariDataSource - HikariPool-1 - Shutdown initiated...
[2023-08-10 17:45:07:6244][SpringApplicationShutdownHook] INFO  com.zaxxer.hikari.HikariDataSource - HikariPool-1 - Shutdown completed.
