[2023-08-11 13:46:11:489][main] INFO  c.example.demo.Project09Application - Starting Project09Application using Java 17.0.7 with PID 23312 (C:\Users\user\Documents\workspace-spring-tool-suite-4-4.19.0.RELEASE\project09\bin\main started by user in C:\Users\user\Documents\workspace-spring-tool-suite-4-4.19.0.RELEASE\project09)
[2023-08-11 13:46:11:490][main] INFO  c.example.demo.Project09Application - No active profile set, falling back to 1 default profile: "default"
[2023-08-11 13:46:11:912][main] INFO  o.s.d.r.c.RepositoryConfigurationDelegate - Bootstrapping Spring Data JPA repositories in DEFAULT mode.
[2023-08-11 13:46:11:961][main] INFO  o.s.d.r.c.RepositoryConfigurationDelegate - Finished Spring Data repository scanning in 42 ms. Found 1 JPA repository interfaces.
[2023-08-11 13:46:12:1325][main] INFO  o.s.b.w.e.tomcat.TomcatWebServer - Tomcat initialized with port(s): 8080 (http)
[2023-08-11 13:46:12:1331][main] INFO  o.a.coyote.http11.Http11NioProtocol - Initializing ProtocolHandler ["http-nio-8080"]
[2023-08-11 13:46:12:1333][main] INFO  o.a.catalina.core.StandardService - Starting service [Tomcat]
[2023-08-11 13:46:12:1333][main] INFO  o.a.catalina.core.StandardEngine - Starting Servlet engine: [Apache Tomcat/10.1.11]
[2023-08-11 13:46:12:1415][main] INFO  o.a.c.c.C.[Tomcat].[localhost].[/] - Initializing Spring embedded WebApplicationContext
[2023-08-11 13:46:12:1415][main] INFO  o.s.b.w.s.c.ServletWebServerApplicationContext - Root WebApplicationContext: initialization completed in 893 ms
[2023-08-11 13:46:12:1462][main] INFO  o.a.catalina.core.StandardService - Stopping service [Tomcat]
[2023-08-11 13:46:12:1472][main] INFO  o.s.b.a.l.ConditionEvaluationReportLogger - 

Error starting ApplicationContext. To display the condition evaluation report re-run your application with 'debug' enabled.
[2023-08-11 13:49:08:494][main] INFO  c.example.demo.Project09Application - Starting Project09Application using Java 17.0.7 with PID 19792 (C:\Users\user\Documents\workspace-spring-tool-suite-4-4.19.0.RELEASE\project09\bin\main started by user in C:\Users\user\Documents\workspace-spring-tool-suite-4-4.19.0.RELEASE\project09)
[2023-08-11 13:49:08:495][main] INFO  c.example.demo.Project09Application - No active profile set, falling back to 1 default profile: "default"
[2023-08-11 13:49:08:908][main] INFO  o.s.d.r.c.RepositoryConfigurationDelegate - Bootstrapping Spring Data JPA repositories in DEFAULT mode.
[2023-08-11 13:49:08:951][main] INFO  o.s.d.r.c.RepositoryConfigurationDelegate - Finished Spring Data repository scanning in 36 ms. Found 1 JPA repository interfaces.
[2023-08-11 13:49:08:1311][main] INFO  o.s.b.w.e.tomcat.TomcatWebServer - Tomcat initialized with port(s): 8080 (http)
[2023-08-11 13:49:08:1318][main] INFO  o.a.coyote.http11.Http11NioProtocol - Initializing ProtocolHandler ["http-nio-8080"]
[2023-08-11 13:49:08:1319][main] INFO  o.a.catalina.core.StandardService - Starting service [Tomcat]
[2023-08-11 13:49:08:1319][main] INFO  o.a.catalina.core.StandardEngine - Starting Servlet engine: [Apache Tomcat/10.1.11]
[2023-08-11 13:49:08:1402][main] INFO  o.a.c.c.C.[Tomcat].[localhost].[/] - Initializing Spring embedded WebApplicationContext
[2023-08-11 13:49:08:1402][main] INFO  o.s.b.w.s.c.ServletWebServerApplicationContext - Root WebApplicationContext: initialization completed in 876 ms
[2023-08-11 13:49:09:1511][main] INFO  o.h.jpa.internal.util.LogHelper - HHH000204: Processing PersistenceUnitInfo [name: default]
[2023-08-11 13:49:09:1555][main] INFO  org.hibernate.Version - HHH000412: Hibernate ORM core version 6.2.6.Final
[2023-08-11 13:49:09:1556][main] INFO  org.hibernate.cfg.Environment - HHH000406: Using bytecode reflection optimizer
[2023-08-11 13:49:09:1673][main] INFO  o.h.b.i.BytecodeProviderInitiator - HHH000021: Bytecode provider name : bytebuddy
[2023-08-11 13:49:09:1789][main] INFO  o.s.o.j.p.SpringPersistenceUnitInfo - No LoadTimeWeaver setup: ignoring JPA class transformer
[2023-08-11 13:49:09:1802][main] INFO  com.zaxxer.hikari.HikariDataSource - HikariPool-1 - Starting...
[2023-08-11 13:49:09:1867][main] INFO  com.zaxxer.hikari.pool.HikariPool - HikariPool-1 - Added connection org.mariadb.jdbc.Connection@1182d1df
[2023-08-11 13:49:09:1868][main] INFO  com.zaxxer.hikari.HikariDataSource - HikariPool-1 - Start completed.
[2023-08-11 13:49:09:2052][main] INFO  o.h.b.i.BytecodeProviderInitiator - HHH000021: Bytecode provider name : bytebuddy
[2023-08-11 13:49:10:2535][main] INFO  o.h.e.t.j.p.i.JtaPlatformInitiator - HHH000490: Using JtaPlatform implementation: [org.hibernate.engine.transaction.jta.platform.internal.NoJtaPlatform]
[2023-08-11 13:49:10:2587][main] INFO  o.s.o.j.LocalContainerEntityManagerFactoryBean - Initialized JPA EntityManagerFactory for persistence unit 'default'
[2023-08-11 13:49:10:2989][main] INFO  o.a.coyote.http11.Http11NioProtocol - Starting ProtocolHandler ["http-nio-8080"]
[2023-08-11 13:49:10:3006][main] INFO  o.s.b.w.e.tomcat.TomcatWebServer - Tomcat started on port(s): 8080 (http) with context path ''
[2023-08-11 13:49:10:3012][main] INFO  c.example.demo.Project09Application - Started Project09Application in 2.9 seconds (process running for 3.468)
[2023-08-11 17:04:37:11730138][RMI TCP Connection(203)-127.0.0.1] INFO  o.s.b.a.SpringApplicationAdminMXBeanRegistrar$SpringApplicationAdmin - Application shutdown requested.
[2023-08-11 17:04:37:11730153][RMI TCP Connection(203)-127.0.0.1] INFO  o.a.coyote.http11.Http11NioProtocol - Pausing ProtocolHandler ["http-nio-8080"]
[2023-08-11 17:04:37:11730153][RMI TCP Connection(203)-127.0.0.1] INFO  o.a.catalina.core.StandardService - Stopping service [Tomcat]
[2023-08-11 17:04:37:11730165][RMI TCP Connection(203)-127.0.0.1] INFO  o.a.coyote.http11.Http11NioProtocol - Stopping ProtocolHandler ["http-nio-8080"]
[2023-08-11 17:04:37:11730168][RMI TCP Connection(203)-127.0.0.1] INFO  o.a.coyote.http11.Http11NioProtocol - Destroying ProtocolHandler ["http-nio-8080"]
[2023-08-11 17:04:37:11730171][RMI TCP Connection(203)-127.0.0.1] INFO  o.s.o.j.LocalContainerEntityManagerFactoryBean - Closing JPA EntityManagerFactory for persistence unit 'default'
[2023-08-11 17:04:37:11730174][RMI TCP Connection(203)-127.0.0.1] INFO  com.zaxxer.hikari.HikariDataSource - HikariPool-1 - Shutdown initiated...
[2023-08-11 17:04:37:11730177][RMI TCP Connection(203)-127.0.0.1] INFO  com.zaxxer.hikari.HikariDataSource - HikariPool-1 - Shutdown completed.
